Start testing: Feb 20 00:45 EST
----------------------------------------------------------
1/1 Testing: Test
1/1 Test: Test
Command: "/Users/zrq/Downloads/zrq/coding/myAtoi/build/myAtoi"
Directory: /Users/zrq/Downloads/zrq/coding/myAtoi/build
"Test" start time: Feb 20 00:45 EST
Output:
----------------------------------------------------------
[==========] Running 4 tests from 1 test suite.
[----------] Global test environment set-up.
[----------] 4 tests from MyatoiTest
[ RUN      ] MyatoiTest.NormalNum
[       OK ] MyatoiTest.NormalNum (0 ms)
[ RUN      ] MyatoiTest.Boundary
[       OK ] MyatoiTest.Boundary (0 ms)
[ RUN      ] MyatoiTest.Exceed
[       OK ] MyatoiTest.Exceed (0 ms)
[ RUN      ] MyatoiTest.Words
[       OK ] MyatoiTest.Words (0 ms)
[----------] 4 tests from MyatoiTest (0 ms total)

[----------] Global test environment tear-down
[==========] 4 tests from 1 test suite ran. (0 ms total)
[  PASSED  ] 4 tests.
<end of output>
Test time =   0.10 sec
----------------------------------------------------------
Test Passed.
"Test" end time: Feb 20 00:45 EST
"Test" time elapsed: 00:00:00
----------------------------------------------------------

End testing: Feb 20 00:45 EST
